<?xml version="1.0" encoding="UTF-8"?>
<testsuite name="fibonacci.TestFibonacci" tests="5" skipped="0" failures="0" errors="0" timestamp="2017-07-09T10:11:05" hostname="Simons-MBP.home" time="0.045">
  <properties/>
  <testcase name="testNoNegativeResultsWithValidArgument" classname="fibonacci.TestFibonacci" time="0.019"/>
  <testcase name="testNegativeLenArgument" classname="fibonacci.TestFibonacci" time="0.022"/>
  <testcase name="testValidArgument" classname="fibonacci.TestFibonacci" time="0.001"/>
  <testcase name="testPositiveArgument" classname="fibonacci.TestFibonacci" time="0.001"/>
  <testcase name="testNoLenArgumentSupplied" classname="fibonacci.TestFibonacci" time="0.001"/>
  <system-out><![CDATA[]]></system-out>
  <system-err><![CDATA[Jul 09, 2017 6:11:05 AM fibonacci.Fibonacci getNumericSequenceLength
INFO: illegal character found in len value = -3
Jul 09, 2017 6:11:05 AM fibonacci.Fibonacci getNumericSequenceLength
INFO: illegal character found in len value = +5
Jul 09, 2017 6:11:05 AM fibonacci.Fibonacci getNumericSequenceLength
INFO: illegal character found in len value = 
]]></system-err>
</testsuite>
